<?xml version="1.0" encoding="UTF-8"?>
<testng-results ignored="0" total="1" passed="1" failed="0" skipped="0">
  <reporter-output>
  </reporter-output>
  <suite started-at="2023-04-27T12:23:43 IST" name="Default suite" finished-at="2023-04-27T12:23:43 IST" duration-ms="89">
    <groups>
    </groups>
    <test started-at="2023-04-27T12:23:43 IST" name="Default test" finished-at="2023-04-27T12:23:43 IST" duration-ms="89">
      <class name="NewTest1">
        <test-method signature="add()[pri:0, instance:NewTest1@383bfa16]" started-at="2023-04-27T12:23:43 IST" name="add" finished-at="2023-04-27T12:23:43 IST" duration-ms="15" status="PASS">
          <reporter-output>
          </reporter-output>
        </test-method> <!-- add -->
      </class> <!-- NewTest1 -->
    </test> <!-- Default test -->
  </suite> <!-- Default suite -->
</testng-results>
